<?xml version="1.0" encoding="UTF-8"?>
<!-- Generated by org.testng.reporters.JUnitXMLReporter -->
<testsuite ignored="0" hostname="AMINJAMAL" failures="1" tests="1" name="Test(failed)" time="0.13" errors="0" timestamp="2023-12-27T02:07:49 GMT-05:00">
  <testcase classname="com.regration.TestRunWithTestNGProduct" name="getProduct" time="0.017">
    <failure type="java.lang.Error" message="Unresolved compilation problems: 
	Syntax error, insert &amp;quot;VariableDeclarators&amp;quot; to complete LocalVariableDeclaration
	Syntax error, insert &amp;quot;;&amp;quot; to complete BlockStatements
	sgsgsgsg cannot be resolved
">
      <![CDATA[java.lang.Error: Unresolved compilation problems: 
Syntax error, insert "VariableDeclarators" to complete LocalVariableDeclaration
Syntax error, insert ";" to complete BlockStatements
sgsgsgsg cannot be resolved

at com.regration.TestRunWithTestNGProduct.getProduct(TestRunWithTestNGProduct.java:16)
at java.base/java.util.ArrayList.forEach(ArrayList.java:1511)
... Removed 27 stack frames]]>
    </failure>
  </testcase> <!-- getProduct -->
</testsuite> <!-- Test(failed) -->
